<?xml version="1.0" encoding="UTF-8"?>
<!-- Generated by org.testng.reporters.JUnitXMLReporter -->
<testsuite ignored="0" hostname="H-5CD825CN2L" failures="0" tests="6" name="Default test" time="14.263" errors="0" timestamp="2024-12-16T17:53:52 IST">
  <testcase classname="api.test.DDTests" name="testPostUser" time="5.121"/>
  <testcase classname="api.test.DDTests" name="testPostUser" time="1.267"/>
  <testcase classname="api.test.DDTests" name="testPostUser" time="1.341"/>
  <testcase classname="api.test.DDTests" name="testDeleteUserByName" time="1.374"/>
  <testcase classname="api.test.DDTests" name="testDeleteUserByName" time="1.212"/>
  <testcase classname="api.test.DDTests" name="testDeleteUserByName" time="1.225"/>
</testsuite> <!-- Default test -->
