<?xml version="1.0" encoding="UTF-8"?>
<!-- Generated by org.testng.reporters.JUnitXMLReporter -->
<testsuite ignored="0" hostname="H-5CD825CN2L" failures="0" tests="4" name="Test" time="9.502" errors="0" timestamp="2024-12-18T17:18:52 IST">
  <testcase classname="api.test.UserTests2" name="testDeleteUserByName" time="3.356"/>
  <testcase classname="api.test.UserTests2" name="updateUser" time="2.459"/>
  <testcase classname="api.test.UserTests2" name="testPostUser" time="1.018"/>
  <testcase classname="api.test.UserTests2" name="getUserByName" time="1.017"/>
</testsuite> <!-- Test -->
