<?xml version="1.0" encoding="UTF-8"?>
<!-- Generated by org.testng.reporters.JUnitXMLReporter -->
<testsuite ignored="0" hostname="H-5CD825CN2L" failures="1" tests="3" name="Test" time="9.117" errors="0" timestamp="2024-12-16T20:02:36 IST">
  <testcase classname="api.test.UserTests" name="testDeleteUserByName" time="4.205">
    <failure type="java.lang.AssertionError" message="expected:&amp;lt;404&amp;gt; but was:&amp;lt;200&amp;gt;">
      <![CDATA[java.lang.AssertionError: expected:<404> but was:<200>
at api.test.UserTests.testDeleteUserByName(UserTests.java:78)
at java.base/java.util.ArrayList.forEach(ArrayList.java:1511)
... Removed 30 stack frames]]>
    </failure>
  </testcase> <!-- testDeleteUserByName -->
  <testcase classname="api.test.UserTests" name="testPostUser" time="1.874"/>
  <testcase classname="api.test.UserTests" name="getUserByName" time="1.542"/>
</testsuite> <!-- Test -->
