<?xml version="1.0" encoding="UTF-8"?>
<testng-results ignored="0" total="4" passed="4" failed="0" skipped="0">
  <reporter-output>
  </reporter-output>
  <suite started-at="2024-12-18T17:18:42 IST" name="Suite" finished-at="2024-12-18T17:18:52 IST" duration-ms="9502">
    <groups>
    </groups>
    <test started-at="2024-12-18T17:18:42 IST" name="Test" finished-at="2024-12-18T17:18:52 IST" duration-ms="9502">
      <class name="api.test.UserTests2">
        <test-method is-config="true" signature="setupData()[pri:0, instance:api.test.UserTests2@71d44a3]" started-at="2024-12-18T17:18:42 IST" name="setupData" finished-at="2024-12-18T17:18:44 IST" duration-ms="1573" status="PASS">
          <reporter-output>
          </reporter-output>
        </test-method> <!-- setupData -->
        <test-method signature="testDeleteUserByName()[pri:0, instance:api.test.UserTests2@71d44a3]" started-at="2024-12-18T17:18:44 IST" name="testDeleteUserByName" finished-at="2024-12-18T17:18:47 IST" duration-ms="3356" status="PASS">
          <reporter-output>
          </reporter-output>
        </test-method> <!-- testDeleteUserByName -->
        <test-method signature="updateUser()[pri:0, instance:api.test.UserTests2@71d44a3]" started-at="2024-12-18T17:18:47 IST" name="updateUser" finished-at="2024-12-18T17:18:50 IST" duration-ms="2459" status="PASS">
          <reporter-output>
          </reporter-output>
        </test-method> <!-- updateUser -->
        <test-method signature="testPostUser()[pri:1, instance:api.test.UserTests2@71d44a3]" started-at="2024-12-18T17:18:50 IST" name="testPostUser" finished-at="2024-12-18T17:18:51 IST" duration-ms="1018" status="PASS">
          <reporter-output>
          </reporter-output>
        </test-method> <!-- testPostUser -->
        <test-method signature="getUserByName()[pri:2, instance:api.test.UserTests2@71d44a3]" started-at="2024-12-18T17:18:51 IST" name="getUserByName" finished-at="2024-12-18T17:18:52 IST" duration-ms="1017" status="PASS">
          <reporter-output>
          </reporter-output>
        </test-method> <!-- getUserByName -->
      </class> <!-- api.test.UserTests2 -->
    </test> <!-- Test -->
  </suite> <!-- Suite -->
</testng-results>
