<?xml version="1.0" encoding="UTF-8"?>
<testng-results ignored="0" total="2" passed="2" failed="0" skipped="0">
  <reporter-output>
  </reporter-output>
  <suite started-at="2024-12-12T22:24:03 IST" name="Default suite" finished-at="2024-12-12T22:24:09 IST" duration-ms="6181">
    <groups>
    </groups>
    <test started-at="2024-12-12T22:24:03 IST" name="Default test" finished-at="2024-12-12T22:24:09 IST" duration-ms="6181">
      <class name="api.test.UserTests">
        <test-method is-config="true" signature="setupData()[pri:0, instance:api.test.UserTests@4b45a2f5]" started-at="2024-12-12T22:24:03 IST" name="setupData" finished-at="2024-12-12T22:24:03 IST" duration-ms="227" status="PASS">
          <reporter-output>
          </reporter-output>
        </test-method> <!-- setupData -->
        <test-method signature="testPostUser()[pri:1, instance:api.test.UserTests@4b45a2f5]" started-at="2024-12-12T22:24:03 IST" name="testPostUser" finished-at="2024-12-12T22:24:07 IST" duration-ms="3892" status="PASS">
          <reporter-output>
          </reporter-output>
        </test-method> <!-- testPostUser -->
        <test-method signature="getUserByName()[pri:2, instance:api.test.UserTests@4b45a2f5]" started-at="2024-12-12T22:24:07 IST" name="getUserByName" finished-at="2024-12-12T22:24:09 IST" duration-ms="2013" status="PASS">
          <reporter-output>
          </reporter-output>
        </test-method> <!-- getUserByName -->
      </class> <!-- api.test.UserTests -->
    </test> <!-- Default test -->
  </suite> <!-- Default suite -->
</testng-results>
